<?xml version="1.0" encoding="UTF-8"?>
<!-- Generated by org.testng.reporters.JUnitReportReporter -->
<testsuite hostname="DESKTOP-4FEGMLR" failures="0" tests="1" name="Steps.TestRunners" time="18.385" errors="0" timestamp="28 fÃ©vr. 2022 23:55:24 GMT" skipped="0">
  <testcase classname="Steps.TestRunners" name="runScenario" time="18.385"/>
</testsuite> <!-- Steps.TestRunners -->
