<?xml version="1.0" encoding="UTF-8"?>
<!-- Generated by org.testng.reporters.JUnitReportReporter -->
<testsuite hostname="DESKTOP-4FEGMLR" failures="0" tests="1" name="Steps.TestRunners" time="13.555" errors="0" timestamp="2022-02-17T01:38:57 CET" skipped="0">
  <testcase classname="Steps.TestRunners" name="runScenario" time="13.555"/>
  <system-out/>
</testsuite> <!-- Steps.TestRunners -->
